<html>
<head>
<title>TestNG:  Default test</title>
<link href="../testng.css" rel="stylesheet" type="text/css" />
<link href="../my-testng.css" rel="stylesheet" type="text/css" />

<style type="text/css">
.log { display: none;} 
.stack-trace { display: none;} 
</style>
<script type="text/javascript">
<!--
function flip(e) {
  current = e.style.display;
  if (current == 'block') {
    e.style.display = 'none';
    return 0;
  }
  else {
    e.style.display = 'block';
    return 1;
  }
}

function toggleBox(szDivId, elem, msg1, msg2)
{
  var res = -1;  if (document.getElementById) {
    res = flip(document.getElementById(szDivId));
  }
  else if (document.all) {
    // this is the way old msie versions work
    res = flip(document.all[szDivId]);
  }
  if(elem) {
    if(res == 0) elem.innerHTML = msg1; else elem.innerHTML = msg2;
  }

}

function toggleAllBoxes() {
  if (document.getElementsByTagName) {
    d = document.getElementsByTagName('div');
    for (i = 0; i < d.length; i++) {
      if (d[i].className == 'log') {
        flip(d[i]);
      }
    }
  }
}

// -->
</script>

</head>
<body>
<h2 align='center'>Default test</h2><table border='1' align="center">
<tr>
<td>Tests passed/Failed/Skipped:</td><td>4/2/0</td>
</tr><tr>
<td>Started on:</td><td>Mon Oct 17 12:16:27 IST 2022</td>
</tr>
<tr><td>Total time:</td><td>68 seconds (68143 ms)</td>
</tr><tr>
<td>Included groups:</td><td></td>
</tr><tr>
<td>Excluded groups:</td><td></td>
</tr>
</table><p/>
<small><i>(Hover the method name to see the test class name)</i></small><p/>
<table width='100%' border='1' class='invocation-failed'>
<tr><td colspan='4' align='center'><b>FAILED TESTS</b></td></tr>
<tr><td><b>Test method</b></td>
<td width="30%"><b>Exception</b></td>
<td width="10%"><b>Time (seconds)</b></td>
<td><b>Instance</b></td>
</tr>
<tr>
<td title='TestRunner.RunnerClass.runScenario()'><b>runScenario</b><br>Test class: TestRunner.RunnerClass<br>Test method: Runs Cucumber Scenarios<br>Parameters: "Search Customer by Name", "Optional[Customers]"</td>
<td><div><pre>java.lang.AssertionError: expected [false] but found [true]
	at org.testng.Assert.fail(Assert.java:96)
	at org.testng.Assert.failNotEquals(Assert.java:776)
	at org.testng.Assert.assertEqualsImpl(Assert.java:137)
	at org.testng.Assert.assertEquals(Assert.java:118)
	at org.testng.Assert.assertEquals(Assert.java:568)
	at org.testng.Assert.assertEquals(Assert.java:578)
	at stepDefinition.Steps.user_should_found_name_in_the_search_table(Steps.java:254)
	at ?.User Should found Name in the Search table(file:///D:/Drishyam%20(2015)%20%5BBluRay%5D%20%5B1080p%5D%20%5BYTS.AM%5D/new%20eclipse/nopCommerceV003_Cucumber/./Features/Customers.feature:36)
</pre></div><a href='#' onClick='toggleBox("stack-trace1178285784", this, "Click to show all stack frames", "Click to hide stack frames")'>Click to show all stack frames</a>
<div class='stack-trace' id='stack-trace1178285784'><pre>java.lang.AssertionError: expected [false] but found [true]
	at org.testng.Assert.fail(Assert.java:96)
	at org.testng.Assert.failNotEquals(Assert.java:776)
	at org.testng.Assert.assertEqualsImpl(Assert.java:137)
	at org.testng.Assert.assertEquals(Assert.java:118)
	at org.testng.Assert.assertEquals(Assert.java:568)
	at org.testng.Assert.assertEquals(Assert.java:578)
	at stepDefinition.Steps.user_should_found_name_in_the_search_table(Steps.java:254)
	at ?.User Should found Name in the Search table(file:///D:/Drishyam%20(2015)%20%5BBluRay%5D%20%5B1080p%5D%20%5BYTS.AM%5D/new%20eclipse/nopCommerceV003_Cucumber/./Features/Customers.feature:36)
</pre></div></td>
<td>34</td>
<td>TestRunner.RunnerClass@49c386c8</td></tr>
<tr>
<td title='TestRunner.RunnerClass.runScenario()'><b>runScenario</b><br>Test class: TestRunner.RunnerClass<br>Test method: Runs Cucumber Scenarios<br>Parameters: "Search Customer by EmailId", "Optional[Customers]"</td>
<td><div><pre>java.lang.AssertionError: expected [false] but found [true]
	at org.testng.Assert.fail(Assert.java:96)
	at org.testng.Assert.failNotEquals(Assert.java:776)
	at org.testng.Assert.assertEqualsImpl(Assert.java:137)
	at org.testng.Assert.assertEquals(Assert.java:118)
	at org.testng.Assert.assertEquals(Assert.java:568)
	at org.testng.Assert.assertEquals(Assert.java:578)
	at stepDefinition.Steps.user_should_found_email_in_the_search_table(Steps.java:234)
	at ?.User Should found Email in the Search table(file:///D:/Drishyam%20(2015)%20%5BBluRay%5D%20%5B1080p%5D%20%5BYTS.AM%5D/new%20eclipse/nopCommerceV003_Cucumber/./Features/Customers.feature:26)
</pre></div><a href='#' onClick='toggleBox("stack-trace1597764207", this, "Click to show all stack frames", "Click to hide stack frames")'>Click to show all stack frames</a>
<div class='stack-trace' id='stack-trace1597764207'><pre>java.lang.AssertionError: expected [false] but found [true]
	at org.testng.Assert.fail(Assert.java:96)
	at org.testng.Assert.failNotEquals(Assert.java:776)
	at org.testng.Assert.assertEqualsImpl(Assert.java:137)
	at org.testng.Assert.assertEquals(Assert.java:118)
	at org.testng.Assert.assertEquals(Assert.java:568)
	at org.testng.Assert.assertEquals(Assert.java:578)
	at stepDefinition.Steps.user_should_found_email_in_the_search_table(Steps.java:234)
	at ?.User Should found Email in the Search table(file:///D:/Drishyam%20(2015)%20%5BBluRay%5D%20%5B1080p%5D%20%5BYTS.AM%5D/new%20eclipse/nopCommerceV003_Cucumber/./Features/Customers.feature:26)
</pre></div></td>
<td>35</td>
<td>TestRunner.RunnerClass@49c386c8</td></tr>
</table><p>
<table width='100%' border='1' class='invocation-passed'>
<tr><td colspan='4' align='center'><b>PASSED TESTS</b></td></tr>
<tr><td><b>Test method</b></td>
<td width="30%"><b>Exception</b></td>
<td width="10%"><b>Time (seconds)</b></td>
<td><b>Instance</b></td>
</tr>
<tr>
<td title='TestRunner.RunnerClass.runScenario()'><b>runScenario</b><br>Test class: TestRunner.RunnerClass<br>Test method: Runs Cucumber Scenarios<br>Parameters: "Data Driven Login", "Optional[Login nopCommerce Application]"</td>
<td></td>
<td>28</td>
<td>TestRunner.RunnerClass@49c386c8</td></tr>
<tr>
<td title='TestRunner.RunnerClass.runScenario()'><b>runScenario</b><br>Test class: TestRunner.RunnerClass<br>Test method: Runs Cucumber Scenarios<br>Parameters: "Data Driven Login", "Optional[Login nopCommerce Application]"</td>
<td></td>
<td>29</td>
<td>TestRunner.RunnerClass@49c386c8</td></tr>
<tr>
<td title='TestRunner.RunnerClass.runScenario()'><b>runScenario</b><br>Test class: TestRunner.RunnerClass<br>Test method: Runs Cucumber Scenarios<br>Parameters: "SuccessFul Login with Valid  Credentials", "Optional[Login nopCommerce Application]"</td>
<td></td>
<td>30</td>
<td>TestRunner.RunnerClass@49c386c8</td></tr>
<tr>
<td title='TestRunner.RunnerClass.runScenario()'><b>runScenario</b><br>Test class: TestRunner.RunnerClass<br>Test method: Runs Cucumber Scenarios<br>Parameters: "Add new Customer", "Optional[Customers]"</td>
<td></td>
<td>56</td>
<td>TestRunner.RunnerClass@49c386c8</td></tr>
</table><p>
</body>
</html>